<?xml version="1.0" encoding="UTF-8"?>
<!-- Generated by org.testng.reporters.JUnitReportReporter -->
<testsuite hostname="DESKTOP-O3UJKIC" failures="0" tests="5" name="com.qa.opencart.tests.LoginPageTest" time="23.419" errors="1" timestamp="2022-03-08T20:10:24 IST" skipped="0">
  <testcase classname="com.qa.opencart.tests.LoginPageTest" name="loginTest" time="15.618"/>
  <system-out/>
  <testcase classname="com.qa.opencart.tests.LoginPageTest" name="forgotPwdLinkTest" time="2.002"/>
  <system-out/>
  <testcase classname="com.qa.opencart.tests.LoginPageTest" name="loginPageTitleTest" time="0.096"/>
  <system-out/>
  <testcase classname="com.qa.opencart.tests.LoginPageTest" name="loginPageURLTest" time="0.024"/>
  <system-out/>
  <testcase classname="com.qa.opencart.tests.LoginPageTest" name="sendTestNGReports" time="5.679">
    <error message="profile file cannot be null" type="java.lang.IllegalArgumentException">
      <![CDATA[java.lang.IllegalArgumentException: profile file cannot be null
at com.amazonaws.util.ValidationUtils.assertNotNull(ValidationUtils.java:37)
at com.amazonaws.auth.profile.ProfilesConfigFile.<init>(ProfilesConfigFile.java:142)
at com.amazonaws.auth.profile.ProfilesConfigFile.<init>(ProfilesConfigFile.java:133)
at com.amazonaws.auth.profile.ProfilesConfigFile.<init>(ProfilesConfigFile.java:100)
at com.amazonaws.auth.profile.ProfileCredentialsProvider.getCredentials(ProfileCredentialsProvider.java:135)
at com.amazonaws.http.AmazonHttpClient$RequestExecutor.getCredentialsFromContext(AmazonHttpClient.java:1266)
at com.amazonaws.http.AmazonHttpClient$RequestExecutor.runBeforeRequestHandlers(AmazonHttpClient.java:842)
at com.amazonaws.http.AmazonHttpClient$RequestExecutor.doExecute(AmazonHttpClient.java:792)
at com.amazonaws.http.AmazonHttpClient$RequestExecutor.executeWithTimer(AmazonHttpClient.java:779)
at com.amazonaws.http.AmazonHttpClient$RequestExecutor.execute(AmazonHttpClient.java:753)
at com.amazonaws.http.AmazonHttpClient$RequestExecutor.access$500(AmazonHttpClient.java:713)
at com.amazonaws.http.AmazonHttpClient$RequestExecutionBuilderImpl.execute(AmazonHttpClient.java:695)
at com.amazonaws.http.AmazonHttpClient.execute(AmazonHttpClient.java:559)
at com.amazonaws.http.AmazonHttpClient.execute(AmazonHttpClient.java:539)
at com.amazonaws.services.s3.AmazonS3Client.invoke(AmazonS3Client.java:5437)
at com.amazonaws.services.s3.AmazonS3Client.invoke(AmazonS3Client.java:5384)
at com.amazonaws.services.s3.AmazonS3Client.access$300(AmazonS3Client.java:421)
at com.amazonaws.services.s3.AmazonS3Client$PutObjectStrategy.invokeServiceCall(AmazonS3Client.java:6508)
at com.amazonaws.services.s3.AmazonS3Client.uploadObject(AmazonS3Client.java:1856)
at com.amazonaws.services.s3.AmazonS3Client.putObject(AmazonS3Client.java:1816)
at com.amazonaws.services.s3.AmazonS3Client.putObject(AmazonS3Client.java:1741)
at com.qa.opencart.tests.BaseTest.sendTestNGReports(BaseTest.java:102)
at java.base/jdk.internal.reflect.NativeMethodAccessorImpl.invoke0(Native Method)
at java.base/jdk.internal.reflect.NativeMethodAccessorImpl.invoke(NativeMethodAccessorImpl.java:64)
at java.base/jdk.internal.reflect.DelegatingMethodAccessorImpl.invoke(DelegatingMethodAccessorImpl.java:43)
at java.base/java.lang.reflect.Method.invoke(Method.java:564)
at org.testng.internal.MethodInvocationHelper.invokeMethod(MethodInvocationHelper.java:133)
at org.testng.internal.MethodInvocationHelper.invokeMethodConsideringTimeout(MethodInvocationHelper.java:62)
at org.testng.internal.ConfigInvoker.invokeConfigurationMethod(ConfigInvoker.java:385)
at org.testng.internal.ConfigInvoker.invokeConfigurations(ConfigInvoker.java:321)
at org.testng.SuiteRunner.privateRun(SuiteRunner.java:344)
at org.testng.SuiteRunner.run(SuiteRunner.java:276)
at org.testng.SuiteRunnerWorker.runSuite(SuiteRunnerWorker.java:53)
at org.testng.SuiteRunnerWorker.run(SuiteRunnerWorker.java:96)
at org.testng.TestNG.runSuitesSequentially(TestNG.java:1212)
at org.testng.TestNG.runSuitesLocally(TestNG.java:1134)
at org.testng.TestNG.runSuites(TestNG.java:1063)
at org.testng.TestNG.run(TestNG.java:1031)
at org.testng.remote.AbstractRemoteTestNG.run(AbstractRemoteTestNG.java:115)
at org.testng.remote.RemoteTestNG.initAndRun(RemoteTestNG.java:251)
at org.testng.remote.RemoteTestNG.main(RemoteTestNG.java:77)
]]>
    </error>
  </testcase> <!-- sendTestNGReports -->
  <system-out/>
</testsuite> <!-- com.qa.opencart.tests.LoginPageTest -->
